<?xml version="1.0" encoding="UTF-8"?>
<testng-results skipped="5" failed="0" total="20" passed="15">
  <reporter-output>
  </reporter-output>
  <suite name="Suite1" duration-ms="885497" started-at="2019-12-18T06:50:12Z" finished-at="2019-12-18T07:04:57Z">
    <groups>
    </groups>
    <test name="Regression1" duration-ms="885497" started-at="2019-12-18T06:50:12Z" finished-at="2019-12-18T07:04:57Z">
      <class name="guoxiaoli.Demo">
        <test-method status="PASS" signature="doBeforeClass()[pri:0, instance:guoxiaoli.Demo@66048bfd]" name="doBeforeClass" is-config="true" duration-ms="51852" started-at="2019-12-18T14:50:12Z" finished-at="2019-12-18T14:51:03Z">
          <reporter-output>
          </reporter-output>
        </test-method> <!-- doBeforeClass -->
        <test-method status="PASS" signature="login1()[pri:0, instance:guoxiaoli.Demo@66048bfd]" name="login1" is-config="true" duration-ms="35137" started-at="2019-12-18T14:51:03Z" finished-at="2019-12-18T14:51:39Z">
          <reporter-output>
          </reporter-output>
        </test-method> <!-- login1 -->
        <test-method status="PASS" signature="foodcart()[pri:31, instance:guoxiaoli.Demo@66048bfd]" name="foodcart" duration-ms="105519" started-at="2019-12-18T14:51:39Z" finished-at="2019-12-18T14:53:24Z">
          <reporter-output>
          </reporter-output>
        </test-method> <!-- foodcart -->
        <test-method status="PASS" signature="login1()[pri:0, instance:guoxiaoli.Demo@66048bfd]" name="login1" is-config="true" duration-ms="26055" started-at="2019-12-18T14:53:24Z" finished-at="2019-12-18T14:53:50Z">
          <reporter-output>
          </reporter-output>
        </test-method> <!-- login1 -->
        <test-method status="PASS" signature="foodbuy()[pri:32, instance:guoxiaoli.Demo@66048bfd]" name="foodbuy" duration-ms="36149" started-at="2019-12-18T14:53:50Z" finished-at="2019-12-18T14:54:26Z">
          <reporter-output>
          </reporter-output>
        </test-method> <!-- foodbuy -->
        <test-method status="PASS" signature="login1()[pri:0, instance:guoxiaoli.Demo@66048bfd]" name="login1" is-config="true" duration-ms="11893" started-at="2019-12-18T14:54:26Z" finished-at="2019-12-18T14:54:38Z">
          <reporter-output>
          </reporter-output>
        </test-method> <!-- login1 -->
        <test-method status="PASS" signature="jiajucart()[pri:33, instance:guoxiaoli.Demo@66048bfd]" name="jiajucart" duration-ms="325045" started-at="2019-12-18T14:54:38Z" finished-at="2019-12-18T15:00:03Z">
          <reporter-output>
          </reporter-output>
        </test-method> <!-- jiajucart -->
        <test-method status="PASS" signature="login1()[pri:0, instance:guoxiaoli.Demo@66048bfd]" name="login1" is-config="true" duration-ms="10360" started-at="2019-12-18T15:00:03Z" finished-at="2019-12-18T15:00:14Z">
          <reporter-output>
          </reporter-output>
        </test-method> <!-- login1 -->
        <test-method status="PASS" signature="jiajubuy()[pri:34, instance:guoxiaoli.Demo@66048bfd]" name="jiajubuy" duration-ms="35948" started-at="2019-12-18T15:00:14Z" finished-at="2019-12-18T15:00:50Z">
          <reporter-output>
          </reporter-output>
        </test-method> <!-- jiajubuy -->
        <test-method status="PASS" signature="login1()[pri:0, instance:guoxiaoli.Demo@66048bfd]" name="login1" is-config="true" duration-ms="10458" started-at="2019-12-18T15:00:50Z" finished-at="2019-12-18T15:01:00Z">
          <reporter-output>
          </reporter-output>
        </test-method> <!-- login1 -->
        <test-method status="PASS" signature="bagcart()[pri:35, instance:guoxiaoli.Demo@66048bfd]" name="bagcart" duration-ms="62384" started-at="2019-12-18T15:01:00Z" finished-at="2019-12-18T15:02:02Z">
          <reporter-output>
          </reporter-output>
        </test-method> <!-- bagcart -->
        <test-method status="PASS" signature="login1()[pri:0, instance:guoxiaoli.Demo@66048bfd]" name="login1" is-config="true" duration-ms="9962" started-at="2019-12-18T15:02:02Z" finished-at="2019-12-18T15:02:12Z">
          <reporter-output>
          </reporter-output>
        </test-method> <!-- login1 -->
        <test-method status="PASS" signature="bagbuy()[pri:36, instance:guoxiaoli.Demo@66048bfd]" name="bagbuy" duration-ms="32740" started-at="2019-12-18T15:02:12Z" finished-at="2019-12-18T15:02:45Z">
          <reporter-output>
          </reporter-output>
        </test-method> <!-- bagbuy -->
        <test-method status="PASS" signature="login1()[pri:0, instance:guoxiaoli.Demo@66048bfd]" name="login1" is-config="true" duration-ms="10267" started-at="2019-12-18T15:02:45Z" finished-at="2019-12-18T15:02:55Z">
          <reporter-output>
          </reporter-output>
        </test-method> <!-- login1 -->
        <test-method status="PASS" signature="backstage()[pri:37, instance:guoxiaoli.Demo@66048bfd]" name="backstage" duration-ms="11419" started-at="2019-12-18T15:02:55Z" finished-at="2019-12-18T15:03:07Z">
          <reporter-output>
          </reporter-output>
        </test-method> <!-- backstage -->
        <test-method status="PASS" signature="doAfterMethod()[pri:0, instance:guoxiaoli.Demo@66048bfd]" name="doAfterMethod" is-config="true" duration-ms="3906" started-at="2019-12-18T15:03:07Z" finished-at="2019-12-18T15:03:11Z">
          <reporter-output>
          </reporter-output>
        </test-method> <!-- doAfterMethod -->
      </class> <!-- guoxiaoli.Demo -->
      <class name="guoxiaoli.Demo1">
        <test-method status="PASS" signature="doBeforeClass()[pri:0, instance:guoxiaoli.Demo1@61443d8f]" name="doBeforeClass" is-config="true" duration-ms="14200" started-at="2019-12-18T15:03:11Z" finished-at="2019-12-18T15:03:25Z">
          <reporter-output>
          </reporter-output>
        </test-method> <!-- doBeforeClass -->
        <test-method status="PASS" signature="login()[pri:41, instance:guoxiaoli.Demo1@61443d8f]" name="login" duration-ms="13715" started-at="2019-12-18T15:03:25Z" finished-at="2019-12-18T15:03:39Z">
          <reporter-output>
          </reporter-output>
        </test-method> <!-- login -->
        <test-method status="PASS" signature="xitong()[pri:42, instance:guoxiaoli.Demo1@61443d8f]" name="xitong" duration-ms="6936" started-at="2019-12-18T15:03:39Z" finished-at="2019-12-18T15:03:46Z">
          <reporter-output>
          </reporter-output>
        </test-method> <!-- xitong -->
        <test-method status="PASS" signature="netset()[pri:43, instance:guoxiaoli.Demo1@61443d8f]" name="netset" duration-ms="13559" started-at="2019-12-18T15:03:46Z" finished-at="2019-12-18T15:03:59Z">
          <reporter-output>
          </reporter-output>
        </test-method> <!-- netset -->
        <test-method status="SKIP" signature="freight(java.lang.String, java.lang.String, java.lang.String, java.lang.String)[pri:45, instance:guoxiaoli.Demo1@61443d8f]" name="freight" duration-ms="0" started-at="2019-12-18T15:03:59Z" data-provider="test2" finished-at="2019-12-18T15:03:59Z">
          <exception class="java.lang.RuntimeException">
            <message>
              <![CDATA[java.lang.NoClassDefFoundError: org/apache/commons/collections4/ListValuedMap]]>
            </message>
            <full-stacktrace>
              <![CDATA[java.lang.RuntimeException: java.lang.NoClassDefFoundError: org/apache/commons/collections4/ListValuedMap
	at org.testng.internal.MethodInvocationHelper.invokeDataProvider(MethodInvocationHelper.java:163)
	at org.testng.internal.Parameters.handleParameters(Parameters.java:430)
	at org.testng.internal.Invoker.handleParameters(Invoker.java:1276)
	at org.testng.internal.Invoker.createParameters(Invoker.java:991)
	at org.testng.internal.Invoker.invokeTestMethods(Invoker.java:1081)
	at org.testng.internal.TestMethodWorker.invokeTestMethods(TestMethodWorker.java:129)
	at org.testng.internal.TestMethodWorker.run(TestMethodWorker.java:112)
	at org.testng.TestRunner.privateRun(TestRunner.java:782)
	at org.testng.TestRunner.run(TestRunner.java:632)
	at org.testng.SuiteRunner.runTest(SuiteRunner.java:366)
	at org.testng.SuiteRunner.runSequentially(SuiteRunner.java:361)
	at org.testng.SuiteRunner.privateRun(SuiteRunner.java:319)
	at org.testng.SuiteRunner.run(SuiteRunner.java:268)
	at org.testng.SuiteRunnerWorker.runSuite(SuiteRunnerWorker.java:52)
	at org.testng.SuiteRunnerWorker.run(SuiteRunnerWorker.java:86)
	at org.testng.TestNG.runSuitesSequentially(TestNG.java:1244)
	at org.testng.TestNG.runSuitesLocally(TestNG.java:1169)
	at org.testng.TestNG.run(TestNG.java:1064)
	at org.testng.TestNG.privateMain(TestNG.java:1385)
	at org.testng.TestNG.main(TestNG.java:1354)
Caused by: java.lang.NoClassDefFoundError: org/apache/commons/collections4/ListValuedMap
	at com.webtest.dataprovider.ExcelDataProvider.getTestDataByExcel(ExcelDataProvider.java:34)
	at guoxiaoli.Demo1.createData2(Unknown Source)
	at sun.reflect.NativeMethodAccessorImpl.invoke0(Native Method)
	at sun.reflect.NativeMethodAccessorImpl.invoke(NativeMethodAccessorImpl.java:62)
	at sun.reflect.DelegatingMethodAccessorImpl.invoke(DelegatingMethodAccessorImpl.java:43)
	at java.lang.reflect.Method.invoke(Method.java:498)
	at org.testng.internal.MethodInvocationHelper.invokeMethod(MethodInvocationHelper.java:86)
	at org.testng.internal.MethodInvocationHelper.invokeDataProvider(MethodInvocationHelper.java:137)
	... 19 more
Caused by: java.lang.ClassNotFoundException: org.apache.commons.collections4.ListValuedMap
	at java.net.URLClassLoader.findClass(URLClassLoader.java:381)
	at java.lang.ClassLoader.loadClass(ClassLoader.java:424)
	at sun.misc.Launcher$AppClassLoader.loadClass(Launcher.java:349)
	at java.lang.ClassLoader.loadClass(ClassLoader.java:357)
	... 27 more
]]>
            </full-stacktrace>
          </exception> <!-- java.lang.RuntimeException -->
          <reporter-output>
          </reporter-output>
        </test-method> <!-- freight -->
        <test-method status="SKIP" signature="delivery(java.lang.String, java.lang.String, java.lang.String, java.lang.String, java.lang.String, java.lang.String)[pri:44, instance:guoxiaoli.Demo1@61443d8f]" name="delivery" duration-ms="0" started-at="2019-12-18T15:03:59Z" data-provider="test1" finished-at="2019-12-18T15:03:59Z">
          <exception class="java.lang.RuntimeException">
            <message>
              <![CDATA[java.lang.NoClassDefFoundError: org/apache/commons/collections4/ListValuedMap]]>
            </message>
            <full-stacktrace>
              <![CDATA[java.lang.RuntimeException: java.lang.NoClassDefFoundError: org/apache/commons/collections4/ListValuedMap
	at org.testng.internal.MethodInvocationHelper.invokeDataProvider(MethodInvocationHelper.java:163)
	at org.testng.internal.Parameters.handleParameters(Parameters.java:430)
	at org.testng.internal.Invoker.handleParameters(Invoker.java:1276)
	at org.testng.internal.Invoker.createParameters(Invoker.java:991)
	at org.testng.internal.Invoker.invokeTestMethods(Invoker.java:1081)
	at org.testng.internal.TestMethodWorker.invokeTestMethods(TestMethodWorker.java:129)
	at org.testng.internal.TestMethodWorker.run(TestMethodWorker.java:112)
	at org.testng.TestRunner.privateRun(TestRunner.java:782)
	at org.testng.TestRunner.run(TestRunner.java:632)
	at org.testng.SuiteRunner.runTest(SuiteRunner.java:366)
	at org.testng.SuiteRunner.runSequentially(SuiteRunner.java:361)
	at org.testng.SuiteRunner.privateRun(SuiteRunner.java:319)
	at org.testng.SuiteRunner.run(SuiteRunner.java:268)
	at org.testng.SuiteRunnerWorker.runSuite(SuiteRunnerWorker.java:52)
	at org.testng.SuiteRunnerWorker.run(SuiteRunnerWorker.java:86)
	at org.testng.TestNG.runSuitesSequentially(TestNG.java:1244)
	at org.testng.TestNG.runSuitesLocally(TestNG.java:1169)
	at org.testng.TestNG.run(TestNG.java:1064)
	at org.testng.TestNG.privateMain(TestNG.java:1385)
	at org.testng.TestNG.main(TestNG.java:1354)
Caused by: java.lang.NoClassDefFoundError: org/apache/commons/collections4/ListValuedMap
	at com.webtest.dataprovider.ExcelDataProvider.getTestDataByExcel(ExcelDataProvider.java:34)
	at guoxiaoli.Demo1.createData1(Unknown Source)
	at sun.reflect.NativeMethodAccessorImpl.invoke0(Native Method)
	at sun.reflect.NativeMethodAccessorImpl.invoke(NativeMethodAccessorImpl.java:62)
	at sun.reflect.DelegatingMethodAccessorImpl.invoke(DelegatingMethodAccessorImpl.java:43)
	at java.lang.reflect.Method.invoke(Method.java:498)
	at org.testng.internal.MethodInvocationHelper.invokeMethod(MethodInvocationHelper.java:86)
	at org.testng.internal.MethodInvocationHelper.invokeDataProvider(MethodInvocationHelper.java:137)
	... 19 more
Caused by: java.lang.ClassNotFoundException: org.apache.commons.collections4.ListValuedMap
	at java.net.URLClassLoader.findClass(URLClassLoader.java:381)
	at java.lang.ClassLoader.loadClass(ClassLoader.java:424)
	at sun.misc.Launcher$AppClassLoader.loadClass(Launcher.java:349)
	at java.lang.ClassLoader.loadClass(ClassLoader.java:357)
	... 27 more
]]>
            </full-stacktrace>
          </exception> <!-- java.lang.RuntimeException -->
          <reporter-output>
          </reporter-output>
        </test-method> <!-- delivery -->
        <test-method status="SKIP" signature="takeself(java.lang.String, java.lang.String, java.lang.String, java.lang.String, java.lang.String, java.lang.String, java.lang.String, java.lang.String, java.lang.String)[pri:46, instance:guoxiaoli.Demo1@61443d8f]" name="takeself" duration-ms="0" started-at="2019-12-18T15:03:59Z" data-provider="test3" finished-at="2019-12-18T15:03:59Z">
          <exception class="java.lang.RuntimeException">
            <message>
              <![CDATA[java.lang.NoClassDefFoundError: org/apache/commons/collections4/ListValuedMap]]>
            </message>
            <full-stacktrace>
              <![CDATA[java.lang.RuntimeException: java.lang.NoClassDefFoundError: org/apache/commons/collections4/ListValuedMap
	at org.testng.internal.MethodInvocationHelper.invokeDataProvider(MethodInvocationHelper.java:163)
	at org.testng.internal.Parameters.handleParameters(Parameters.java:430)
	at org.testng.internal.Invoker.handleParameters(Invoker.java:1276)
	at org.testng.internal.Invoker.createParameters(Invoker.java:991)
	at org.testng.internal.Invoker.invokeTestMethods(Invoker.java:1081)
	at org.testng.internal.TestMethodWorker.invokeTestMethods(TestMethodWorker.java:129)
	at org.testng.internal.TestMethodWorker.run(TestMethodWorker.java:112)
	at org.testng.TestRunner.privateRun(TestRunner.java:782)
	at org.testng.TestRunner.run(TestRunner.java:632)
	at org.testng.SuiteRunner.runTest(SuiteRunner.java:366)
	at org.testng.SuiteRunner.runSequentially(SuiteRunner.java:361)
	at org.testng.SuiteRunner.privateRun(SuiteRunner.java:319)
	at org.testng.SuiteRunner.run(SuiteRunner.java:268)
	at org.testng.SuiteRunnerWorker.runSuite(SuiteRunnerWorker.java:52)
	at org.testng.SuiteRunnerWorker.run(SuiteRunnerWorker.java:86)
	at org.testng.TestNG.runSuitesSequentially(TestNG.java:1244)
	at org.testng.TestNG.runSuitesLocally(TestNG.java:1169)
	at org.testng.TestNG.run(TestNG.java:1064)
	at org.testng.TestNG.privateMain(TestNG.java:1385)
	at org.testng.TestNG.main(TestNG.java:1354)
Caused by: java.lang.NoClassDefFoundError: org/apache/commons/collections4/ListValuedMap
	at com.webtest.dataprovider.ExcelDataProvider.getTestDataByExcel(ExcelDataProvider.java:34)
	at guoxiaoli.Demo1.createData3(Unknown Source)
	at sun.reflect.NativeMethodAccessorImpl.invoke0(Native Method)
	at sun.reflect.NativeMethodAccessorImpl.invoke(NativeMethodAccessorImpl.java:62)
	at sun.reflect.DelegatingMethodAccessorImpl.invoke(DelegatingMethodAccessorImpl.java:43)
	at java.lang.reflect.Method.invoke(Method.java:498)
	at org.testng.internal.MethodInvocationHelper.invokeMethod(MethodInvocationHelper.java:86)
	at org.testng.internal.MethodInvocationHelper.invokeDataProvider(MethodInvocationHelper.java:137)
	... 19 more
Caused by: java.lang.ClassNotFoundException: org.apache.commons.collections4.ListValuedMap
	at java.net.URLClassLoader.findClass(URLClassLoader.java:381)
	at java.lang.ClassLoader.loadClass(ClassLoader.java:424)
	at sun.misc.Launcher$AppClassLoader.loadClass(Launcher.java:349)
	at java.lang.ClassLoader.loadClass(ClassLoader.java:357)
	... 27 more
]]>
            </full-stacktrace>
          </exception> <!-- java.lang.RuntimeException -->
          <reporter-output>
          </reporter-output>
        </test-method> <!-- takeself -->
        <test-method status="PASS" signature="db()[pri:47, instance:guoxiaoli.Demo1@61443d8f]" name="db" duration-ms="8685" started-at="2019-12-18T15:03:59Z" finished-at="2019-12-18T15:04:08Z">
          <reporter-output>
          </reporter-output>
        </test-method> <!-- db -->
        <test-method status="SKIP" signature="setpassowrd(java.lang.String, java.lang.String)[pri:49, instance:guoxiaoli.Demo1@61443d8f]" name="setpassowrd" duration-ms="0" started-at="2019-12-18T15:04:08Z" data-provider="test5" finished-at="2019-12-18T15:04:08Z">
          <exception class="java.lang.RuntimeException">
            <message>
              <![CDATA[java.lang.NoClassDefFoundError: org/apache/commons/collections4/ListValuedMap]]>
            </message>
            <full-stacktrace>
              <![CDATA[java.lang.RuntimeException: java.lang.NoClassDefFoundError: org/apache/commons/collections4/ListValuedMap
	at org.testng.internal.MethodInvocationHelper.invokeDataProvider(MethodInvocationHelper.java:163)
	at org.testng.internal.Parameters.handleParameters(Parameters.java:430)
	at org.testng.internal.Invoker.handleParameters(Invoker.java:1276)
	at org.testng.internal.Invoker.createParameters(Invoker.java:991)
	at org.testng.internal.Invoker.invokeTestMethods(Invoker.java:1081)
	at org.testng.internal.TestMethodWorker.invokeTestMethods(TestMethodWorker.java:129)
	at org.testng.internal.TestMethodWorker.run(TestMethodWorker.java:112)
	at org.testng.TestRunner.privateRun(TestRunner.java:782)
	at org.testng.TestRunner.run(TestRunner.java:632)
	at org.testng.SuiteRunner.runTest(SuiteRunner.java:366)
	at org.testng.SuiteRunner.runSequentially(SuiteRunner.java:361)
	at org.testng.SuiteRunner.privateRun(SuiteRunner.java:319)
	at org.testng.SuiteRunner.run(SuiteRunner.java:268)
	at org.testng.SuiteRunnerWorker.runSuite(SuiteRunnerWorker.java:52)
	at org.testng.SuiteRunnerWorker.run(SuiteRunnerWorker.java:86)
	at org.testng.TestNG.runSuitesSequentially(TestNG.java:1244)
	at org.testng.TestNG.runSuitesLocally(TestNG.java:1169)
	at org.testng.TestNG.run(TestNG.java:1064)
	at org.testng.TestNG.privateMain(TestNG.java:1385)
	at org.testng.TestNG.main(TestNG.java:1354)
Caused by: java.lang.NoClassDefFoundError: org/apache/commons/collections4/ListValuedMap
	at com.webtest.dataprovider.ExcelDataProvider.getTestDataByExcel(ExcelDataProvider.java:34)
	at guoxiaoli.Demo1.createData(Unknown Source)
	at sun.reflect.NativeMethodAccessorImpl.invoke0(Native Method)
	at sun.reflect.NativeMethodAccessorImpl.invoke(NativeMethodAccessorImpl.java:62)
	at sun.reflect.DelegatingMethodAccessorImpl.invoke(DelegatingMethodAccessorImpl.java:43)
	at java.lang.reflect.Method.invoke(Method.java:498)
	at org.testng.internal.MethodInvocationHelper.invokeMethod(MethodInvocationHelper.java:86)
	at org.testng.internal.MethodInvocationHelper.invokeDataProvider(MethodInvocationHelper.java:137)
	... 19 more
Caused by: java.lang.ClassNotFoundException: org.apache.commons.collections4.ListValuedMap
	at java.net.URLClassLoader.findClass(URLClassLoader.java:381)
	at java.lang.ClassLoader.loadClass(ClassLoader.java:424)
	at sun.misc.Launcher$AppClassLoader.loadClass(Launcher.java:349)
	at java.lang.ClassLoader.loadClass(ClassLoader.java:357)
	... 27 more
]]>
            </full-stacktrace>
          </exception> <!-- java.lang.RuntimeException -->
          <reporter-output>
          </reporter-output>
        </test-method> <!-- setpassowrd -->
        <test-method status="SKIP" signature="addarticle(java.lang.String, java.lang.String)[pri:48, instance:guoxiaoli.Demo1@61443d8f]" name="addarticle" duration-ms="0" started-at="2019-12-18T15:04:08Z" data-provider="test4" finished-at="2019-12-18T15:04:08Z">
          <exception class="java.lang.RuntimeException">
            <message>
              <![CDATA[java.lang.NoClassDefFoundError: org/apache/commons/collections4/ListValuedMap]]>
            </message>
            <full-stacktrace>
              <![CDATA[java.lang.RuntimeException: java.lang.NoClassDefFoundError: org/apache/commons/collections4/ListValuedMap
	at org.testng.internal.MethodInvocationHelper.invokeDataProvider(MethodInvocationHelper.java:163)
	at org.testng.internal.Parameters.handleParameters(Parameters.java:430)
	at org.testng.internal.Invoker.handleParameters(Invoker.java:1276)
	at org.testng.internal.Invoker.createParameters(Invoker.java:991)
	at org.testng.internal.Invoker.invokeTestMethods(Invoker.java:1081)
	at org.testng.internal.TestMethodWorker.invokeTestMethods(TestMethodWorker.java:129)
	at org.testng.internal.TestMethodWorker.run(TestMethodWorker.java:112)
	at org.testng.TestRunner.privateRun(TestRunner.java:782)
	at org.testng.TestRunner.run(TestRunner.java:632)
	at org.testng.SuiteRunner.runTest(SuiteRunner.java:366)
	at org.testng.SuiteRunner.runSequentially(SuiteRunner.java:361)
	at org.testng.SuiteRunner.privateRun(SuiteRunner.java:319)
	at org.testng.SuiteRunner.run(SuiteRunner.java:268)
	at org.testng.SuiteRunnerWorker.runSuite(SuiteRunnerWorker.java:52)
	at org.testng.SuiteRunnerWorker.run(SuiteRunnerWorker.java:86)
	at org.testng.TestNG.runSuitesSequentially(TestNG.java:1244)
	at org.testng.TestNG.runSuitesLocally(TestNG.java:1169)
	at org.testng.TestNG.run(TestNG.java:1064)
	at org.testng.TestNG.privateMain(TestNG.java:1385)
	at org.testng.TestNG.main(TestNG.java:1354)
Caused by: java.lang.NoClassDefFoundError: org/apache/commons/collections4/ListValuedMap
	at com.webtest.dataprovider.ExcelDataProvider.getTestDataByExcel(ExcelDataProvider.java:34)
	at guoxiaoli.Demo1.createData4(Unknown Source)
	at sun.reflect.NativeMethodAccessorImpl.invoke0(Native Method)
	at sun.reflect.NativeMethodAccessorImpl.invoke(NativeMethodAccessorImpl.java:62)
	at sun.reflect.DelegatingMethodAccessorImpl.invoke(DelegatingMethodAccessorImpl.java:43)
	at java.lang.reflect.Method.invoke(Method.java:498)
	at org.testng.internal.MethodInvocationHelper.invokeMethod(MethodInvocationHelper.java:86)
	at org.testng.internal.MethodInvocationHelper.invokeDataProvider(MethodInvocationHelper.java:137)
	... 19 more
Caused by: java.lang.ClassNotFoundException: org.apache.commons.collections4.ListValuedMap
	at java.net.URLClassLoader.findClass(URLClassLoader.java:381)
	at java.lang.ClassLoader.loadClass(ClassLoader.java:424)
	at sun.misc.Launcher$AppClassLoader.loadClass(Launcher.java:349)
	at java.lang.ClassLoader.loadClass(ClassLoader.java:357)
	... 27 more
]]>
            </full-stacktrace>
          </exception> <!-- java.lang.RuntimeException -->
          <reporter-output>
          </reporter-output>
        </test-method> <!-- addarticle -->
        <test-method status="PASS" signature="setback()[pri:50, instance:guoxiaoli.Demo1@61443d8f]" name="setback" duration-ms="8810" started-at="2019-12-18T15:04:08Z" finished-at="2019-12-18T15:04:17Z">
          <reporter-output>
          </reporter-output>
        </test-method> <!-- setback -->
        <test-method status="PASS" signature="setshop()[pri:51, instance:guoxiaoli.Demo1@61443d8f]" name="setshop" duration-ms="8876" started-at="2019-12-18T15:04:17Z" finished-at="2019-12-18T15:04:26Z">
          <reporter-output>
          </reporter-output>
        </test-method> <!-- setshop -->
        <test-method status="PASS" signature="setnav()[pri:52, instance:guoxiaoli.Demo1@61443d8f]" name="setnav" duration-ms="18015" started-at="2019-12-18T15:04:26Z" finished-at="2019-12-18T15:04:44Z">
          <reporter-output>
          </reporter-output>
        </test-method> <!-- setnav -->
        <test-method status="PASS" signature="setquit()[pri:53, instance:guoxiaoli.Demo1@61443d8f]" name="setquit" duration-ms="6201" started-at="2019-12-18T15:04:44Z" finished-at="2019-12-18T15:04:50Z">
          <reporter-output>
          </reporter-output>
        </test-method> <!-- setquit -->
        <test-method status="PASS" signature="doAfterMethod()[pri:0, instance:guoxiaoli.Demo1@61443d8f]" name="doAfterMethod" is-config="true" duration-ms="7061" started-at="2019-12-18T15:04:50Z" finished-at="2019-12-18T15:04:57Z">
          <reporter-output>
          </reporter-output>
        </test-method> <!-- doAfterMethod -->
      </class> <!-- guoxiaoli.Demo1 -->
    </test> <!-- Regression1 -->
  </suite> <!-- Suite1 -->
</testng-results>
